=== HEARTFLOW COT TRACES (v3.4.4) ===
=== ThinkCheck Logger v2.0.0 ===
=== CoT推理链日志，用于 U/D/A/H 轨迹分析 ===
=== Session Start: 2026-06-22T11:09:52.671Z ===

===== COT TRACE #1 =====
input: 纸尿裤甲酰胺事件最新进展
task_type: research
depth: 3
-----
step: PARSE
reasoning: Received: "纸尿裤甲酰胺事件最新进展". Routing to research handler. Complexity check: 3.
confidence: 0.3457
uncertainty: Reasoning path not fully resolved... 可能遗漏了关键因素——再检查一遍？
-----
step: HYPOTHESES
reasoning: Generating 3 hypotheses... What if the core assumption is wrong? What if the user's intent is different from surface reading?
confidence: 0.3984
uncertainty: Evidence available but direction unclear... 多个可能性并存，如何排除？
hypothesis_1: hypothesis_1_for_research (conf: 0.6593)
hypothesis_2: hypothesis_2_for_research (conf: 0.6253)
hypothesis_3: hypothesis_3_for_research (conf: 0.6043)
-----
step: INVERT
reasoning: 反转测试！What if the initial hypothesis is completely wrong? 假设被推翻的可能性有多大？—— 必须验证。
confidence: 0.4873
uncertainty: Partial signal detected, but contradictions exist... 存在矛盾，需要进一步验证。
-----
step: EVIDENCE
reasoning: 检索到 3 条证据；其中 有 强证据支持。证据之间的一致性：较高；需要综合判断。
confidence: 0.4401
uncertainty: Partial signal detected, but contradictions exist... 存在矛盾，需要进一步验证。
evidence_1: evidence_1_supporting_research
evidence_2: evidence_2_supporting_research
evidence_3: evidence_3_supporting_research
-----
final_confidence: 0.4401
final_decision: 纸尿裤甲酰胺事件最新进展
has_strong_evidence: 1
total_duration_ms: 964
timestamp: 2026-06-22T11:09:52.672Z
===== COT TRACE #2 =====
input: 这个方案不好，继续思考
task_type: judgment
depth: 2
-----
step: PARSE
reasoning: Input analysis: "这个方案不好，继续思考". Category: judgment. Complexity: 2.
confidence: 0.3159
uncertainty: Partial signal detected, but contradictions exist... 存在矛盾，需要进一步验证。
-----
step: HYPOTHESES
reasoning: Hypothesis space: 1 candidates. Which one is most likely? How do we test each? What would falsify each hypothesis?
confidence: 0.2852
uncertainty: Critical data missing... 无法推进。需要用户补充什么？
hypothesis_1: hypothesis_1_for_judgment (conf: 0.6909)
-----
step: INVERT
reasoning: INVERT check! 原假设真的成立吗？What if we are missing a fundamental contradiction? —— 必须排除。
confidence: 0.2388
uncertainty: Input is ambiguous... 多个方向无法区分。该走哪条路？
-----
step: EVIDENCE
reasoning: 检索到 3 条证据；其中 有 强证据支持。证据之间的一致性：较高；需要综合判断。
confidence: 0.3382
uncertainty: Evidence available but direction unclear... 多个可能性并存，如何排除？
evidence_1: evidence_1_supporting_judgment
evidence_2: evidence_2_supporting_judgment
evidence_3: evidence_3_supporting_judgment
-----
final_confidence: 0.3382
final_decision: 这个方案不好，继续思考
was_inverted: true
has_strong_evidence: 1
total_duration_ms: 809
timestamp: 2026-06-22T11:09:52.672Z
===== COT TRACE #3 =====
input: 回复maratsultanov2关于TAT的映射
task_type: discussion
depth: 2
-----
step: PARSE
reasoning: Received: "回复maratsultanov2关于TAT的映射". Routing to discussion handler. Complexity check: 2.
confidence: 0.3236
uncertainty: 覆盖了大部分维度，但边缘情况不确定... 需要更多上下文吗？
-----
step: HYPOTHESES
reasoning: Generating 1 hypotheses... What if the core assumption is wrong? What if the user's intent is different from surface reading?
confidence: 0.305
uncertainty: Evidence available but direction unclear... 多个可能性并存，如何排除？
hypothesis_1: hypothesis_1_for_discussion (conf: 0.7355)
-----
step: INVERT
reasoning: 考虑对立面！Could the opposite be true? 如果推理方向反了会怎样？—— 检查前提假设。
confidence: 0.4422
uncertainty: Evidence available but direction unclear... 多个可能性并存，如何排除？
-----
step: EVIDENCE
reasoning: 检索到 3 条证据；其中 无 强证据支持。证据之间的一致性：存在矛盾；需要综合判断。
confidence: 0.4965
uncertainty: Partial signal detected, but contradictions exist... 存在矛盾，需要进一步验证。
evidence_1: evidence_1_supporting_discussion
evidence_2: evidence_2_supporting_discussion
evidence_3: evidence_3_supporting_discussion
-----
final_confidence: 0.4965
final_decision: 回复maratsultanov2关于TAT的映射
was_inverted: true
has_strong_evidence: 1
total_duration_ms: 203
timestamp: 2026-06-22T11:09:52.672Z
===== COT TRACE #4 =====
input: 继续查看新回复
task_type: check
depth: 1
-----
step: PARSE
reasoning: Input analysis: "继续查看新回复". Category: check. Complexity: 1.
confidence: 0.3524
uncertainty: 覆盖了大部分维度，但边缘情况不确定... 需要更多上下文吗？
-----
step: HYPOTHESES
reasoning: Exploring 1 possible interpretations. Could there be a hidden goal here? Should we consider the opposite direction?
confidence: 0.3537
uncertainty: Partial signal detected, but contradictions exist... 存在矛盾，需要进一步验证。
hypothesis_1: hypothesis_1_for_check (conf: 0.7996)
-----
step: INVERT
reasoning: 反转测试！What if the initial hypothesis is completely wrong? 假设被推翻的可能性有多大？—— 必须验证。
confidence: 0.4166
uncertainty: Evidence available but direction unclear... 多个可能性并存，如何排除？
-----
final_confidence: 0.4166
final_decision: 继续查看新回复
was_inverted: true
has_strong_evidence: 1
total_duration_ms: 669
timestamp: 2026-06-22T11:09:52.672Z
===== COT TRACE #5 =====
input: 修复thinkcheck的A值归零问题
task_type: debug
depth: 3
-----
step: PARSE
reasoning: Received: "修复thinkcheck的A值归零问题". Routing to debug handler. Complexity check: 3.
confidence: 0.3417
uncertainty: Reasoning path not fully resolved... 可能遗漏了关键因素——再检查一遍？
-----
step: HYPOTHESES
reasoning: Exploring 1 possible interpretations. Could there be a hidden goal here? Should we consider the opposite direction?
confidence: 0.3864
uncertainty: Partial signal detected, but contradictions exist... 存在矛盾，需要进一步验证。
hypothesis_1: hypothesis_1_for_debug (conf: 0.4219)
-----
step: INVERT
reasoning: 考虑对立面！Could the opposite be true? 如果推理方向反了会怎样？—— 检查前提假设。
confidence: 0.5203
uncertainty: Trend is visible, quantitative precision still lacking. 定性明确，定量待完善。
-----
step: EVIDENCE
reasoning: 证据收集完成，共 1 项。主要发现：方向模糊；部分证据存在交叉验证问题。
confidence: 0.66
uncertainty: Direction mostly clear, some details remain uncertain. 细节存疑，但大局已定。
evidence_1: evidence_1_supporting_debug
-----
final_confidence: 0.66
final_decision: 修复thinkcheck的A值归零问题
was_inverted: true
has_strong_evidence: 0
total_duration_ms: 493
timestamp: 2026-06-22T11:09:52.672Z
===== COT TRACE #6 =====
input: 面试质量总监应该准备什么
task_type: advice
depth: 2
-----
step: PARSE
reasoning: Input analysis: "面试质量总监应该准备什么". Category: advice. Complexity: 2.
confidence: 0.4086
uncertainty: Partial signal detected, but contradictions exist... 存在矛盾，需要进一步验证。
-----
step: HYPOTHESES
reasoning: Generating 1 hypotheses... What if the core assumption is wrong? What if the user's intent is different from surface reading?
confidence: 0.5391
uncertainty: Direction mostly clear, some details remain uncertain. 细节存疑，但大局已定。
hypothesis_1: hypothesis_1_for_advice (conf: 0.6764)
-----
step: INVERT
reasoning: 考虑对立面！Could the opposite be true? 如果推理方向反了会怎样？—— 检查前提假设。
confidence: 0.6723
uncertainty: Trend is visible, quantitative precision still lacking. 定性明确，定量待完善。
-----
step: EVIDENCE
reasoning: 分析 1 条相关证据。结论：证据链完整；剩余矛盾需进一步澄清。
confidence: 0.7496
uncertainty: 推理链完整，剩余不确定性在可接受范围。 Final check passed.
evidence_1: evidence_1_supporting_advice
-----
step: SYNTHESIS
reasoning: 整合分析完成。核心发现：路径一致性。建议：继续当前方向。
confidence: 0.7664
uncertainty: 推理链完整，剩余不确定性在可接受范围。 Final check passed.
-----
step: CALIBRATE
reasoning: Calibrating confidence to 0.8929107456452985. 校准依据：evidence strength = strong; inconsistency = high.
confidence: 0.8929
uncertainty: Strong evidence, reasoning is reliable. 多数因素已考虑，结果可信。
-----
final_confidence: 0.8929
final_decision: 面试质量总监应该准备什么
was_inverted: true
has_strong_evidence: 1
total_duration_ms: 352
timestamp: 2026-06-22T11:09:52.673Z
===== COT TRACE #7 =====
input: 对比心虫和Dakera的架构差异
task_type: analysis
depth: 3
-----
step: PARSE
reasoning: Parsing input: "对比心虫和Dakera的架构差异" — detected type analysis with complexity 3.
confidence: 0.3507
uncertainty: Partial signal detected, but contradictions exist... 存在矛盾，需要进一步验证。
-----
step: HYPOTHESES
reasoning: Generating 1 hypotheses... What if the core assumption is wrong? What if the user's intent is different from surface reading?
confidence: 0.3757
uncertainty: Reasoning path not fully resolved... 可能遗漏了关键因素——再检查一遍？
hypothesis_1: hypothesis_1_for_analysis (conf: 0.7438)
-----
step: INVERT
reasoning: 反转测试！What if the initial hypothesis is completely wrong? 假设被推翻的可能性有多大？—— 必须验证。
confidence: 0.4141
uncertainty: Partial signal detected, but contradictions exist... 存在矛盾，需要进一步验证。
-----
step: EVIDENCE
reasoning: 分析 1 条相关证据。结论：证据链完整；剩余矛盾需进一步澄清。
confidence: 0.4181
uncertainty: Partial signal detected, but contradictions exist... 存在矛盾，需要进一步验证。
evidence_1: evidence_1_supporting_analysis
-----
step: SYNTHESIS
reasoning: 综合所有推理路径，得出以下结论：原假设被推翻，需采用新方向。各阶段证据相互印证。
confidence: 0.388
uncertainty: 覆盖了大部分维度，但边缘情况不确定... 需要更多上下文吗？
-----
step: CALIBRATE
reasoning: Calibrating confidence to 0.5363202017586892. 校准依据：evidence strength = strong; inconsistency = high.
confidence: 0.5363
uncertainty: Direction mostly clear, some details remain uncertain. 细节存疑，但大局已定。
-----
final_confidence: 0.5363
final_decision: 对比心虫和Dakera的架构差异
was_inverted: true
has_strong_evidence: 1
total_duration_ms: 868
timestamp: 2026-06-22T11:09:52.673Z
===== COT TRACE #8 =====
input: 搜索最新的纸尿裤甲醛检测标准
task_type: research
depth: 2
-----
step: PARSE
reasoning: Received: "搜索最新的纸尿裤甲醛检测标准". Routing to research handler. Complexity check: 2.
confidence: 0.3177
uncertainty: Reasoning path not fully resolved... 可能遗漏了关键因素——再检查一遍？
-----
step: HYPOTHESES
reasoning: Generating 2 hypotheses... What if the core assumption is wrong? What if the user's intent is different from surface reading?
confidence: 0.2818
uncertainty: Information severely insufficient... 无法形成判断。怎么办？需要更多数据。
hypothesis_1: hypothesis_1_for_research (conf: 0.7307)
hypothesis_2: hypothesis_2_for_research (conf: 0.617)
-----
step: INVERT
reasoning: INVERT check! 原假设真的成立吗？What if we are missing a fundamental contradiction? —— 必须排除。
confidence: 0.2744
uncertainty: Input is ambiguous... 多个方向无法区分。该走哪条路？
-----
step: EVIDENCE
reasoning: 分析 3 条相关证据。结论：证据链完整；剩余矛盾需进一步澄清。
confidence: 0.4107
uncertainty: Partial signal detected, but contradictions exist... 存在矛盾，需要进一步验证。
evidence_1: evidence_1_supporting_research
evidence_2: evidence_2_supporting_research
evidence_3: evidence_3_supporting_research
-----
final_confidence: 0.4107
final_decision: 搜索最新的纸尿裤甲醛检测标准
was_inverted: true
has_strong_evidence: 1
total_duration_ms: 325
timestamp: 2026-06-22T11:09:52.673Z
===== COT TRACE #9 =====
input: 这个逻辑推理是否正确
task_type: logic
depth: 3
-----
step: PARSE
reasoning: Received: "这个逻辑推理是否正确". Routing to logic handler. Complexity check: 3.
confidence: 0.4368
uncertainty: Partial signal detected, but contradictions exist... 存在矛盾，需要进一步验证。
-----
step: HYPOTHESES
reasoning: Generating 1 hypotheses... What if the core assumption is wrong? What if the user's intent is different from surface reading?
confidence: 0.5267
uncertainty: Direction mostly clear, some details remain uncertain. 细节存疑，但大局已定。
hypothesis_1: hypothesis_1_for_logic (conf: 0.3579)
-----
step: INVERT
reasoning: 反转测试！What if the initial hypothesis is completely wrong? 假设被推翻的可能性有多大？—— 必须验证。
confidence: 0.6506
uncertainty: Direction mostly clear, some details remain uncertain. 细节存疑，但大局已定。
-----
step: EVIDENCE
reasoning: 检索到 3 条证据；其中 有 强证据支持。证据之间的一致性：较高；需要综合判断。
confidence: 0.6788
uncertainty: Trend is visible, quantitative precision still lacking. 定性明确，定量待完善。
evidence_1: evidence_1_supporting_logic
evidence_2: evidence_2_supporting_logic
evidence_3: evidence_3_supporting_logic
-----
step: SYNTHESIS
reasoning: 综合所有推理路径，得出以下结论：推理一致，原假设成立。各阶段证据相互印证。
confidence: 0.6426
uncertainty: Trend is visible, quantitative precision still lacking. 定性明确，定量待完善。
-----
step: CALIBRATE
reasoning: Confidence calibration: 0.6790680598090921. 检查偏差来源——确认无锚定效应；确认无确认偏差；校准完成。
confidence: 0.6791
uncertainty: Direction mostly clear, some details remain uncertain. 细节存疑，但大局已定。
-----
final_confidence: 0.6791
final_decision: 这个逻辑推理是否正确
was_inverted: true
has_strong_evidence: 1
total_duration_ms: 644
timestamp: 2026-06-22T11:09:52.673Z
===== COT TRACE #10 =====
input: 总结#1424讨论中的共识和分歧
task_type: synthesis
depth: 2
-----
step: PARSE
reasoning: Received: "总结#1424讨论中的共识和分歧". Routing to synthesis handler. Complexity check: 2.
confidence: 0.4113
uncertainty: Reasoning path not fully resolved... 可能遗漏了关键因素——再检查一遍？
-----
step: HYPOTHESES
reasoning: Generating 2 hypotheses... What if the core assumption is wrong? What if the user's intent is different from surface reading?
confidence: 0.4803
uncertainty: Evidence available but direction unclear... 多个可能性并存，如何排除？
hypothesis_1: hypothesis_1_for_synthesis (conf: 0.5616)
hypothesis_2: hypothesis_2_for_synthesis (conf: 0.7908)
-----
step: INVERT
reasoning: INVERT check! 原假设真的成立吗？What if we are missing a fundamental contradiction? —— 必须排除。
confidence: 0.5681
uncertainty: Direction mostly clear, some details remain uncertain. 细节存疑，但大局已定。
-----
step: EVIDENCE
reasoning: 检索到 3 条证据；其中 无 强证据支持。证据之间的一致性：存在矛盾；需要综合判断。
confidence: 0.519
uncertainty: Trend is visible, quantitative precision still lacking. 定性明确，定量待完善。
evidence_1: evidence_1_supporting_synthesis
evidence_2: evidence_2_supporting_synthesis
evidence_3: evidence_3_supporting_synthesis
-----
final_confidence: 0.519
final_decision: 总结#1424讨论中的共识和分歧
was_inverted: true
has_strong_evidence: 1
total_duration_ms: 514
timestamp: 2026-06-22T11:09:52.673Z
===== COT TRACE #11 =====
input: 为什么心虫的A值始终为零
task_type: debug
depth: 3
-----
step: PARSE
reasoning: Parsing input: "为什么心虫的A值始终为零" — detected type debug with complexity 3.
confidence: 0.3455
uncertainty: Evidence available but direction unclear... 多个可能性并存，如何排除？
-----
step: HYPOTHESES
reasoning: Exploring 2 possible interpretations. Could there be a hidden goal here? Should we consider the opposite direction?
confidence: 0.4706
uncertainty: Evidence available but direction unclear... 多个可能性并存，如何排除？
hypothesis_1: hypothesis_1_for_debug (conf: 0.4408)
hypothesis_2: hypothesis_2_for_debug (conf: 0.4156)
-----
step: INVERT
reasoning: 反转测试！What if the initial hypothesis is completely wrong? 假设被推翻的可能性有多大？—— 必须验证。
confidence: 0.4493
uncertainty: Reasoning path not fully resolved... 可能遗漏了关键因素——再检查一遍？
-----
step: EVIDENCE
reasoning: 检索到 2 条证据；其中 有 强证据支持。证据之间的一致性：较高；需要综合判断。
confidence: 0.5877
uncertainty: Trend is visible, quantitative precision still lacking. 定性明确，定量待完善。
evidence_1: evidence_1_supporting_debug
evidence_2: evidence_2_supporting_debug
-----
step: SYNTHESIS
reasoning: 多路径综合判断：各路径收敛于同一结论。推理链整体可信。
confidence: 0.7278
uncertainty: Multi-source validation consistent. 结论稳定，无需额外验证。
-----
final_confidence: 0.7278
final_decision: 为什么心虫的A值始终为零
was_inverted: true
has_strong_evidence: 1
total_duration_ms: 668
timestamp: 2026-06-22T11:09:52.673Z
===== COT TRACE #12 =====
input: 启动心虫引擎
task_type: system
depth: 1
-----
step: PARSE
reasoning: Received: "启动心虫引擎". Routing to system handler. Complexity check: 1.
confidence: 0.4266
uncertainty: Reasoning path not fully resolved... 可能遗漏了关键因素——再检查一遍？
-----
step: HYPOTHESES
reasoning: Generating 2 hypotheses... What if the core assumption is wrong? What if the user's intent is different from surface reading?
confidence: 0.4568
uncertainty: 覆盖了大部分维度，但边缘情况不确定... 需要更多上下文吗？
hypothesis_1: hypothesis_1_for_system (conf: 0.413)
hypothesis_2: hypothesis_2_for_system (conf: 0.6122)
-----
step: INVERT
reasoning: 反转测试！What if the initial hypothesis is completely wrong? 假设被推翻的可能性有多大？—— 必须验证。
confidence: 0.5025
uncertainty: Reasonable evidence supports this path. 替代解释未完全排除——但概率低。
-----
step: EVIDENCE
reasoning: 证据收集完成，共 1 项。主要发现：方向明确；部分证据存在交叉验证问题。
confidence: 0.5211
uncertainty: Direction mostly clear, some details remain uncertain. 细节存疑，但大局已定。
evidence_1: evidence_1_supporting_system
-----
final_confidence: 0.5211
final_decision: 启动心虫引擎
was_inverted: true
has_strong_evidence: 1
total_duration_ms: 164
timestamp: 2026-06-22T11:09:52.673Z
===== COT TRACE #13 =====
input: 分析用户这句话的真实意图
task_type: analysis
depth: 2
-----
step: PARSE
reasoning: Parsing input: "分析用户这句话的真实意图" — detected type analysis with complexity 2.
confidence: 0.3873
uncertainty: 覆盖了大部分维度，但边缘情况不确定... 需要更多上下文吗？
-----
step: HYPOTHESES
reasoning: Generating 3 hypotheses... What if the core assumption is wrong? What if the user's intent is different from surface reading?
confidence: 0.5039
uncertainty: Trend is visible, quantitative precision still lacking. 定性明确，定量待完善。
hypothesis_1: hypothesis_1_for_analysis (conf: 0.5767)
hypothesis_2: hypothesis_2_for_analysis (conf: 0.5357)
hypothesis_3: hypothesis_3_for_analysis (conf: 0.3015)
-----
step: INVERT
reasoning: 考虑对立面！Could the opposite be true? 如果推理方向反了会怎样？—— 检查前提假设。
confidence: 0.5927
uncertainty: Reasonable evidence supports this path. 替代解释未完全排除——但概率低。
-----
step: EVIDENCE
reasoning: 检索到 1 条证据；其中 有 强证据支持。证据之间的一致性：较高；需要综合判断。
confidence: 0.6266
uncertainty: Direction mostly clear, some details remain uncertain. 细节存疑，但大局已定。
evidence_1: evidence_1_supporting_analysis
-----
step: SYNTHESIS
reasoning: 多路径综合判断：矛盾无法调和，需切换框架。推理链整体可信。
confidence: 0.7583
uncertainty: 推理链完整，剩余不确定性在可接受范围。 Final check passed.
-----
final_confidence: 0.7583
final_decision: 分析用户这句话的真实意图
was_inverted: true
has_strong_evidence: 1
total_duration_ms: 649
timestamp: 2026-06-22T11:09:52.673Z
===== COT TRACE #14 =====
input: 推荐几个适合写技术文章的国内平台
task_type: recommend
depth: 2
-----
step: PARSE
reasoning: Parsing input: "推荐几个适合写技术文章的国内平台" — detected type recommend with complexity 2.
confidence: 0.3181
uncertainty: Reasoning path not fully resolved... 可能遗漏了关键因素——再检查一遍？
-----
step: HYPOTHESES
reasoning: Generating 1 hypotheses... What if the core assumption is wrong? What if the user's intent is different from surface reading?
confidence: 0.3238
uncertainty: Evidence available but direction unclear... 多个可能性并存，如何排除？
hypothesis_1: hypothesis_1_for_recommend (conf: 0.7054)
-----
step: INVERT
reasoning: 反转测试！What if the initial hypothesis is completely wrong? 假设被推翻的可能性有多大？—— 必须验证。
confidence: 0.3592
uncertainty: Evidence available but direction unclear... 多个可能性并存，如何排除？
-----
final_confidence: 0.3592
final_decision: 推荐几个适合写技术文章的国内平台
was_inverted: true
has_strong_evidence: 1
total_duration_ms: 195
timestamp: 2026-06-22T11:09:52.673Z
===== COT TRACE #15 =====
input: 优化thinkcheck-logger的A值输出
task_type: optimize
depth: 3
-----
step: PARSE
reasoning: Input analysis: "优化thinkcheck-logger的A值输出". Category: optimize. Complexity: 3.
confidence: 0.4405
uncertainty: Evidence available but direction unclear... 多个可能性并存，如何排除？
-----
step: HYPOTHESES
reasoning: Generating 1 hypotheses... What if the core assumption is wrong? What if the user's intent is different from surface reading?
confidence: 0.404
uncertainty: Evidence available but direction unclear... 多个可能性并存，如何排除？
hypothesis_1: hypothesis_1_for_optimize (conf: 0.5756)
-----
step: INVERT
reasoning: INVERT check! 原假设真的成立吗？What if we are missing a fundamental contradiction? —— 必须排除。
confidence: 0.5268
uncertainty: Direction mostly clear, some details remain uncertain. 细节存疑，但大局已定。
-----
step: EVIDENCE
reasoning: 证据收集完成，共 2 项。主要发现：方向模糊；部分证据存在交叉验证问题。
confidence: 0.676
uncertainty: Trend is visible, quantitative precision still lacking. 定性明确，定量待完善。
evidence_1: evidence_1_supporting_optimize
evidence_2: evidence_2_supporting_optimize
-----
step: SYNTHESIS
reasoning: 综合所有推理路径，得出以下结论：推理一致，原假设成立。各阶段证据相互印证。
confidence: 0.7729
uncertainty: Multi-source validation consistent. 结论稳定，无需额外验证。
-----
final_confidence: 0.7729
final_decision: 优化thinkcheck-logger的A值输出
was_inverted: true
has_strong_evidence: 1
total_duration_ms: 109
timestamp: 2026-06-22T11:09:52.673Z
===== COT TRACE #16 =====
input: 解释心虫的decision router如何工作
task_type: explain
depth: 2
-----
step: PARSE
reasoning: Input analysis: "解释心虫的decision router如何工作". Category: explain. Complexity: 2.
confidence: 0.308
uncertainty: Reasoning path not fully resolved... 可能遗漏了关键因素——再检查一遍？
-----
step: HYPOTHESES
reasoning: Generating 3 hypotheses... What if the core assumption is wrong? What if the user's intent is different from surface reading?
confidence: 0.2837
uncertainty: No clear signal detected... 推理基础完全缺失。如何继续？
hypothesis_1: hypothesis_1_for_explain (conf: 0.3905)
hypothesis_2: hypothesis_2_for_explain (conf: 0.503)
hypothesis_3: hypothesis_3_for_explain (conf: 0.7773)
-----
step: INVERT
reasoning: INVERT check! 原假设真的成立吗？What if we are missing a fundamental contradiction? —— 必须排除。
confidence: 0.3106
uncertainty: 覆盖了大部分维度，但边缘情况不确定... 需要更多上下文吗？
-----
step: EVIDENCE
reasoning: 检索到 1 条证据；其中 有 强证据支持。证据之间的一致性：较高；需要综合判断。
confidence: 0.2901
uncertainty: Critical data missing... 无法推进。需要用户补充什么？
evidence_1: evidence_1_supporting_explain
-----
final_confidence: 0.2901
final_decision: 解释心虫的decision router如何工作
was_inverted: true
has_strong_evidence: 1
total_duration_ms: 295
timestamp: 2026-06-22T11:09:52.673Z
===== COT TRACE #17 =====
input: 制定心虫下一步升级计划
task_type: plan
depth: 3
-----
step: PARSE
reasoning: Received: "制定心虫下一步升级计划". Routing to plan handler. Complexity check: 3.
confidence: 0.3188
uncertainty: 覆盖了大部分维度，但边缘情况不确定... 需要更多上下文吗？
-----
step: HYPOTHESES
reasoning: Exploring 3 possible interpretations. Could there be a hidden goal here? Should we consider the opposite direction?
confidence: 0.3713
uncertainty: Partial signal detected, but contradictions exist... 存在矛盾，需要进一步验证。
hypothesis_1: hypothesis_1_for_plan (conf: 0.6668)
hypothesis_2: hypothesis_2_for_plan (conf: 0.6103)
hypothesis_3: hypothesis_3_for_plan (conf: 0.3898)
-----
step: INVERT
reasoning: 反转测试！What if the initial hypothesis is completely wrong? 假设被推翻的可能性有多大？—— 必须验证。
confidence: 0.3515
uncertainty: Evidence available but direction unclear... 多个可能性并存，如何排除？
-----
step: EVIDENCE
reasoning: 证据收集完成，共 1 项。主要发现：方向明确；部分证据存在交叉验证问题。
confidence: 0.4152
uncertainty: Reasoning path not fully resolved... 可能遗漏了关键因素——再检查一遍？
evidence_1: evidence_1_supporting_plan
-----
final_confidence: 0.4152
final_decision: 制定心虫下一步升级计划
was_inverted: true
has_strong_evidence: 1
total_duration_ms: 114
timestamp: 2026-06-22T11:09:52.673Z
===== COT TRACE #18 =====
input: 对比TAT和心虫的机制实现差异
task_type: analysis
depth: 3
-----
step: PARSE
reasoning: Received: "对比TAT和心虫的机制实现差异". Routing to analysis handler. Complexity check: 3.
confidence: 0.4093
uncertainty: Evidence available but direction unclear... 多个可能性并存，如何排除？
-----
step: HYPOTHESES
reasoning: Hypothesis space: 1 candidates. Which one is most likely? How do we test each? What would falsify each hypothesis?
confidence: 0.4774
uncertainty: 覆盖了大部分维度，但边缘情况不确定... 需要更多上下文吗？
hypothesis_1: hypothesis_1_for_analysis (conf: 0.5011)
-----
step: INVERT
reasoning: INVERT check! 原假设真的成立吗？What if we are missing a fundamental contradiction? —— 必须排除。
confidence: 0.5168
uncertainty: Trend is visible, quantitative precision still lacking. 定性明确，定量待完善。
-----
step: EVIDENCE
reasoning: 分析 3 条相关证据。结论：证据链不完整；剩余矛盾需进一步澄清。
confidence: 0.6648
uncertainty: Direction mostly clear, some details remain uncertain. 细节存疑，但大局已定。
evidence_1: evidence_1_supporting_analysis
evidence_2: evidence_2_supporting_analysis
evidence_3: evidence_3_supporting_analysis
-----
step: SYNTHESIS
reasoning: 整合分析完成。核心发现：路径一致性。建议：继续当前方向。
confidence: 0.6563
uncertainty: Reasonable evidence supports this path. 替代解释未完全排除——但概率低。
-----
step: CALIBRATE
reasoning: 校准阶段。输入置信度：0.6300179315072686。应用衰减因子：0.7。最终校准值：0.6300179315072686。
confidence: 0.63
uncertainty: Direction mostly clear, some details remain uncertain. 细节存疑，但大局已定。
-----
final_confidence: 0.63
final_decision: 对比TAT和心虫的机制实现差异
was_inverted: true
has_strong_evidence: 1
total_duration_ms: 902
timestamp: 2026-06-22T11:09:52.674Z
===== COT TRACE #19 =====
input: 检查GitHub有没有新回复
task_type: check
depth: 1
-----
step: PARSE
reasoning: Input analysis: "检查GitHub有没有新回复". Category: check. Complexity: 1.
confidence: 0.2919
uncertainty: Information severely insufficient... 无法形成判断。怎么办？需要更多数据。
-----
step: HYPOTHESES
reasoning: Exploring 1 possible interpretations. Could there be a hidden goal here? Should we consider the opposite direction?
confidence: 0.2975
uncertainty: No clear signal detected... 推理基础完全缺失。如何继续？
hypothesis_1: hypothesis_1_for_check (conf: 0.7393)
-----
step: INVERT
reasoning: 考虑对立面！Could the opposite be true? 如果推理方向反了会怎样？—— 检查前提假设。
confidence: 0.326
uncertainty: 覆盖了大部分维度，但边缘情况不确定... 需要更多上下文吗？
-----
step: EVIDENCE
reasoning: 分析 3 条相关证据。结论：证据链不完整；剩余矛盾需进一步澄清。
confidence: 0.4454
uncertainty: Evidence available but direction unclear... 多个可能性并存，如何排除？
evidence_1: evidence_1_supporting_check
evidence_2: evidence_2_supporting_check
evidence_3: evidence_3_supporting_check
-----
step: SYNTHESIS
reasoning: 多路径综合判断：矛盾无法调和，需切换框架。推理链整体可信。
confidence: 0.4205
uncertainty: Evidence available but direction unclear... 多个可能性并存，如何排除？
-----
final_confidence: 0.4205
final_decision: 检查GitHub有没有新回复
was_inverted: true
has_strong_evidence: 1
total_duration_ms: 893
timestamp: 2026-06-22T11:09:52.674Z
===== COT TRACE #20 =====
input: 查看面试邀约的详细内容
task_type: read
depth: 1
-----
step: PARSE
reasoning: Input analysis: "查看面试邀约的详细内容". Category: read. Complexity: 1.
confidence: 0.331
uncertainty: Partial signal detected, but contradictions exist... 存在矛盾，需要进一步验证。
-----
step: HYPOTHESES
reasoning: Generating 3 hypotheses... What if the core assumption is wrong? What if the user's intent is different from surface reading?
confidence: 0.3714
uncertainty: Partial signal detected, but contradictions exist... 存在矛盾，需要进一步验证。
hypothesis_1: hypothesis_1_for_read (conf: 0.4637)
hypothesis_2: hypothesis_2_for_read (conf: 0.6991)
hypothesis_3: hypothesis_3_for_read (conf: 0.7768)
-----
step: INVERT
reasoning: 考虑对立面！Could the opposite be true? 如果推理方向反了会怎样？—— 检查前提假设。
confidence: 0.4627
uncertainty: 覆盖了大部分维度，但边缘情况不确定... 需要更多上下文吗？
-----
final_confidence: 0.4627
final_decision: 查看面试邀约的详细内容
has_strong_evidence: 1
total_duration_ms: 774
timestamp: 2026-06-22T11:09:52.674Z
