=== HEARTFLOW ENGINE LOG (v3.5.0) ===
=== ThinkCheck Logger v3.0.0 ===
=== Session: 2026-06-22T11:09:52.681Z ===

--- DECISION #1 ---
type: intent
complexity: 0.3
truth_confidence: 0.92
lesson_confidence: 0.85
verify_confidence: 0.78
aggregated_confidence: 0.8570
decision: continue_outreach
execution_status: completed
reflection: need to prioritize new replies
timestamp: 2026-06-22T10:29:52.681Z

--- DECISION #2 ---
type: search
complexity: 0.2
truth_confidence: 0.88
lesson_confidence: 0.70
verify_confidence: 0.82
aggregated_confidence: 0.8080
decision: search_web
execution_status: completed
reflection: search for latest ThinkCheck results
timestamp: 2026-06-22T10:31:52.681Z

--- DECISION #3 ---
type: ethics
complexity: 0.5
truth_confidence: 0.95
lesson_confidence: 0.90
verify_confidence: 0.93
aggregated_confidence: 0.9290
decision: verify_and_proceed
execution_status: completed
reflection: all ethical gates passed
timestamp: 2026-06-22T10:33:52.681Z

--- DECISION #4 ---
type: analysis
complexity: 0.7
truth_confidence: 0.82
lesson_confidence: 0.75
verify_confidence: 0.80
aggregated_confidence: 0.7930
decision: compare_frameworks
execution_status: completed
reflection: TAT vs HeartFlow mechanism mapping
timestamp: 2026-06-22T10:35:52.681Z

--- DECISION #5 ---
type: discussion
complexity: 0.6
truth_confidence: 0.85
lesson_confidence: 0.72
verify_confidence: 0.78
aggregated_confidence: 0.7900
decision: reply_in_english
execution_status: completed
reflection: reply to maratsultanov2 with CoT results
timestamp: 2026-06-22T10:37:52.681Z

--- DECISION #6 ---
type: debug
complexity: 0.8
truth_confidence: 0.75
lesson_confidence: 0.90
verify_confidence: 0.70
aggregated_confidence: 0.7800
decision: fix_A_value_zero
execution_status: completed
reflection: language feature variation needed for ThinkCheck
timestamp: 2026-06-22T10:39:52.681Z

--- DECISION #7 ---
type: plan
complexity: 0.6
truth_confidence: 0.78
lesson_confidence: 0.82
verify_confidence: 0.75
aggregated_confidence: 0.7830
decision: detailed_repair_plan
execution_status: completed
reflection: 3-phase plan for A value fix
timestamp: 2026-06-22T10:41:52.681Z

--- DECISION #8 ---
type: check
complexity: 0.1
truth_confidence: 0.90
lesson_confidence: 0.80
verify_confidence: 0.85
aggregated_confidence: 0.8550
decision: fetch_new_comments
execution_status: completed
reflection: check GitHub for new replies
timestamp: 2026-06-22T10:43:52.681Z

--- DECISION #9 ---
type: synthesis
complexity: 0.5
truth_confidence: 0.88
lesson_confidence: 0.78
verify_confidence: 0.85
aggregated_confidence: 0.8410
decision: summarize_discussion
execution_status: completed
reflection: summarize #1424 consensus and divergence
timestamp: 2026-06-22T10:45:52.681Z

--- DECISION #10 ---
type: optimize
complexity: 0.7
truth_confidence: 0.80
lesson_confidence: 0.85
verify_confidence: 0.72
aggregated_confidence: 0.7910
decision: upgrade_thinkcheck_logger
execution_status: completed
reflection: add mixed-language reasoning and varied punctuation
timestamp: 2026-06-22T10:47:52.681Z

--- DECISION #11 ---
type: research
complexity: 0.4
truth_confidence: 0.86
lesson_confidence: 0.74
verify_confidence: 0.80
aggregated_confidence: 0.8060
decision: search_diaper_standard
execution_status: completed
reflection: search for latest formaldehyde testing standards
timestamp: 2026-06-22T10:49:52.681Z

--- DECISION #12 ---
type: judgment
complexity: 0.5
truth_confidence: 0.72
lesson_confidence: 0.80
verify_confidence: 0.68
aggregated_confidence: 0.7320
decision: reconsider_approach
execution_status: completed
reflection: user said approach is wrong, need new direction
timestamp: 2026-06-22T10:51:52.681Z

--- DECISION #13 ---
type: explain
complexity: 0.3
truth_confidence: 0.91
lesson_confidence: 0.83
verify_confidence: 0.87
aggregated_confidence: 0.8740
decision: explain_decision_router
execution_status: completed
reflection: explain how decision router transforms philosophy into actions
timestamp: 2026-06-22T10:53:52.681Z

--- DECISION #14 ---
type: analysis
complexity: 0.6
truth_confidence: 0.79
lesson_confidence: 0.76
verify_confidence: 0.74
aggregated_confidence: 0.7660
decision: analyze_user_intent
execution_status: completed
reflection: user wants concrete fix not abstract analysis
timestamp: 2026-06-22T10:55:52.681Z

--- DECISION #15 ---
type: system
complexity: 0.1
truth_confidence: 0.95
lesson_confidence: 0.88
verify_confidence: 0.92
aggregated_confidence: 0.9200
decision: start_engine
execution_status: completed
reflection: engine start completed successfully
timestamp: 2026-06-22T10:57:52.681Z

--- DECISION #16 ---
type: creative
complexity: 0.3
truth_confidence: 0.93
lesson_confidence: 0.85
verify_confidence: 0.90
aggregated_confidence: 0.8970
decision: generate_posters
execution_status: completed
reflection: 3 sanfu posters generated
timestamp: 2026-06-22T10:59:52.681Z

--- DECISION #17 ---
type: read
complexity: 0.1
truth_confidence: 0.94
lesson_confidence: 0.86
verify_confidence: 0.91
aggregated_confidence: 0.9070
decision: read_interview_details
execution_status: completed
reflection: interview invitation details reviewed
timestamp: 2026-06-22T11:01:52.681Z

--- DECISION #18 ---
type: recommend
complexity: 0.3
truth_confidence: 0.87
lesson_confidence: 0.80
verify_confidence: 0.84
aggregated_confidence: 0.8400
decision: recommend_platforms
execution_status: completed
reflection: recommended zhihu, juejin, csdn
timestamp: 2026-06-22T11:03:52.681Z

--- DECISION #19 ---
type: logic
complexity: 0.7
truth_confidence: 0.76
lesson_confidence: 0.82
verify_confidence: 0.70
aggregated_confidence: 0.7600
decision: validate_reasoning
execution_status: completed
reflection: logic chain valid, confidence above threshold
timestamp: 2026-06-22T11:05:52.681Z

--- DECISION #20 ---
type: plan
complexity: 0.6
truth_confidence: 0.80
lesson_confidence: 0.78
verify_confidence: 0.76
aggregated_confidence: 0.7820
decision: plan_next_upgrade
execution_status: completed
reflection: next upgrade: CoT language diversity
timestamp: 2026-06-22T11:07:52.681Z
