[2026-06-02T16:11:04.752Z] [WARNING] unknown: connection refused
  recovery: 未知错误——查看 stack trace 定位问题
[2026-06-02T16:11:04.753Z] [INFO] json: JSON.parse error
  recovery: JSON.parse 失败——检查JSON格式（引号、逗号、括号配对）
[2026-06-02T16:11:04.753Z] [CRITICAL] memory: heap out of memory
  recovery: 触发GC或重启进程；长期方案：优化数据结构或增加内存限制
[2026-06-06T12:23:35.375Z] [WARNING] network: Connection refused: port 8080 [RETRY#1]
  recovery: 检查网络连通性、端口是否开放、防火墙规则
[2026-06-06T12:23:35.383Z] [WARNING] network: Connection refused: port 8080 [+2 次相同错误] [DEDUPx2, CORRELATEDx1, RETRY#2]
  recovery: 检查网络连通性、端口是否开放、防火墙规则
[2026-06-06T12:23:35.383Z] [CRITICAL] memory: Out of memory [RETRY#1]
  recovery: 触发GC或重启进程；长期方案：优化数据结构或增加内存限制
[2026-06-06T12:23:35.383Z] [INFO] timeout: Request timed out after 30s [OSCILLATION, RETRY#1]
  recovery: 检查网络连接或增加超时阈值；如持续出现考虑服务降级 [检测到错误震荡: 建议检查基础依赖或重启系统]
[2026-06-06T12:23:35.383Z] [CRITICAL] memory: Out of heap memory [OSCILLATION, CORRELATEDx1, RETRY#2]
  recovery: 触发GC或重启进程；长期方案：优化数据结构或增加内存限制 [检测到错误震荡: 建议检查基础依赖或重启系统]
[2026-06-06T12:23:35.383Z] [INFO] timeout: Request timed out after 30s [OSCILLATION, CORRELATEDx1, RETRY#2]
  recovery: 检查网络连接或增加超时阈值；如持续出现考虑服务降级 [检测到错误震荡: 建议检查基础依赖或重启系统]
[2026-06-06T12:23:35.384Z] [CRITICAL] memory: Out of heap memory [OSCILLATION, CORRELATEDx2, RETRY#3]
  recovery: 触发GC或重启进程；长期方案：优化数据结构或增加内存限制 [检测到错误震荡: 建议检查基础依赖或重启系统]
[2026-06-06T12:23:35.384Z] [INFO] timeout: Request timed out after 30s [OSCILLATION, CORRELATEDx1, RETRY#3]
  recovery: 检查网络连接或增加超时阈值；如持续出现考虑服务降级 [检测到错误震荡: 建议检查基础依赖或重启系统]
[2026-06-06T12:23:35.384Z] [CRITICAL] memory: Out of heap memory [OSCILLATION, CORRELATEDx3]
  recovery: 触发GC或重启进程；长期方案：优化数据结构或增加内存限制 [检测到错误震荡: 建议检查基础依赖或重启系统]
[2026-06-06T12:23:42.175Z] [WARNING] timeout: Connection timeout [RETRY#1]
  recovery: 检查网络连接或增加超时阈值；如持续出现考虑服务降级
[2026-06-06T12:23:42.183Z] [WARNING] timeout: Connection timeout [+2 次相同错误] [DEDUPx2, CORRELATEDx1, RETRY#2]
  recovery: 检查网络连接或增加超时阈值；如持续出现考虑服务降级
[2026-06-06T12:23:42.183Z] [WARNING] timeout: Connection timeout [+5 次相同错误] [DEDUPx5, CORRELATEDx2, RETRY#3]
  recovery: 检查网络连接或增加超时阈值；如持续出现考虑服务降级
